[ahimms90.com/services.html]
[ahimms90.com/index.html]
[ahimms90.com/about-us.html]
[ahimms90.com/contact-us.html]
[backblue.gif]
[fade.gif]
[index.html]
[img1.wsimg.com/blobby/go/gpub/28183fd5dc83bd86/script.js]
[img1.wsimg.com/blobby/go/5ce0d1a0-298f-429b-a71f-9008fcc70bea/gpub/e2724dbdf43d5d08/styles.css]
[img1.wsimg.com/poly/v2/polyfill.min075c.js]
[img1.wsimg.com/blobby/go/5ce0d1a0-298f-429b-a71f-9008fcc70bea/gpub/96e3cb6a15d1916e/styles.css]
[img1.wsimg.com/blobby/go/5ce0d1a0-298f-429b-a71f-9008fcc70bea/gpub/3299415044f5ba72/styles.css]
[img1.wsimg.com/isteam/stock/5696/_/rs=h_500,cg_true,m.jpg]
[img1.wsimg.com/blobby/go/gpub/eba23cd11ac6e2d8/script.js]
[img1.wsimg.com/blobby/go/5ce0d1a0-298f-429b-a71f-9008fcc70bea/gpub/3abfb527df085204/script.js]
[img1.wsimg.com/blobby/go/gpub/d40440603775d41f/script.js]
[img1.wsimg.com/blobby/go/5ce0d1a0-298f-429b-a71f-9008fcc70bea/gpub/e930ced7a6f0330f/script.js]
[img1.wsimg.com/blobby/go/gpub/f955f3519bc607c/script.js]
[img1.wsimg.com/blobby/go/5ce0d1a0-298f-429b-a71f-9008fcc70bea/gpub/bc72a8ac791a9700/script.js]
[img1.wsimg.com/tcc/tcc_l.combined.1.0.6.min.js]
[ahimms90.com/index.html]
[img1.wsimg.com/blobby/go/5ce0d1a0-298f-429b-a71f-9008fcc70bea/gpub/6618a99ee3e96a08/styles.css]
[img1.wsimg.com/blobby/go/5ce0d1a0-298f-429b-a71f-9008fcc70bea/gpub/bce2aa3bc95ae8e6/styles.css]
[img1.wsimg.com/isteam/stock/7771/_/rs=w_1240,h_620,cg_true,m/cr=w_1240,h_620.jpg]
[img1.wsimg.com/blobby/go/5ce0d1a0-298f-429b-a71f-9008fcc70bea/gpub/a3dfb3560c687481/script.js]
[ahimms90.com/services.html]
[img1.wsimg.com/blobby/go/5ce0d1a0-298f-429b-a71f-9008fcc70bea/gpub/a1b90c0dba3e0131/script.js]
[img1.wsimg.com/blobby/go/5ce0d1a0-298f-429b-a71f-9008fcc70bea/gpub/f82c5dafdec6bd88/styles.css]
[img1.wsimg.com/blobby/go/5ce0d1a0-298f-429b-a71f-9008fcc70bea/gpub/c78dea403bd03bfb/styles.css]
[img1.wsimg.com/isteam/stock/pmeQ9Ww/_/rs=w_600,h_300,cg_true,m/cr=w_600,h_300.jpg]
[img1.wsimg.com/blobby/go/gpub/85366ec326c7965c/script.js]
[img1.wsimg.com/blobby/go/5ce0d1a0-298f-429b-a71f-9008fcc70bea/gpub/2b6c5201d135c693/script.js]
[ahimms90.com/about-us.html]
[img1.wsimg.com/blobby/go/5ce0d1a0-298f-429b-a71f-9008fcc70bea/gpub/edcac03d5a249e1e/script.js]
[img1.wsimg.com/blobby/go/5ce0d1a0-298f-429b-a71f-9008fcc70bea/gpub/3d5fdb68a5f95e09/styles.css]
[img1.wsimg.com/blobby/go/5ce0d1a0-298f-429b-a71f-9008fcc70bea/gpub/e9ce958ed0f8aaf6/styles.css]
[img1.wsimg.com/blobby/go/5ce0d1a0-298f-429b-a71f-9008fcc70bea/gpub/807a2d5e4f308ef5/script.js]
[img1.wsimg.com/blobby/go/5ce0d1a0-298f-429b-a71f-9008fcc70bea/gpub/886acd4f82e663/script.js]
[img1.wsimg.com/blobby/go/5ce0d1a0-298f-429b-a71f-9008fcc70bea/gpub/4661bf1e56dc9b5f/script.js]
[img1.wsimg.com/blobby/go/gpub/c6375348d85f73e5/script.js]
[img1.wsimg.com/blobby/go/gpub/195b4ab4dfdeca42/script.js]
[ahimms90.com/contact-us.html]
[img1.wsimg.com/blobby/go/5ce0d1a0-298f-429b-a71f-9008fcc70bea/gpub/42851ef4b108a4b0/script.js]
[img1.wsimg.com/isteam/stock/5696/_/rs=h_500,cg_true,m.jpg]
[img1.wsimg.com/blobby/go/5ce0d1a0-298f-429b-a71f-9008fcc70bea/gpub/e2724dbdf43d5d08/styles.css]
[img1.wsimg.com/blobby/go/gpub/eba23cd11ac6e2d8/script.js]
[img1.wsimg.com/blobby/go/5ce0d1a0-298f-429b-a71f-9008fcc70bea/gpub/3abfb527df085204/script.js]
[img1.wsimg.com/blobby/go/5ce0d1a0-298f-429b-a71f-9008fcc70bea/gpub/96e3cb6a15d1916e/styles.css]
[img1.wsimg.com/blobby/go/gpub/d40440603775d41f/script.js]
[img1.wsimg.com/blobby/go/5ce0d1a0-298f-429b-a71f-9008fcc70bea/gpub/e930ced7a6f0330f/script.js]
[img1.wsimg.com/blobby/go/5ce0d1a0-298f-429b-a71f-9008fcc70bea/gpub/3299415044f5ba72/styles.css]
[img1.wsimg.com/blobby/go/5ce0d1a0-298f-429b-a71f-9008fcc70bea/gpub/bc72a8ac791a9700/script.js]
[img1.wsimg.com/blobby/go/gpub/f955f3519bc607c/script.js]
[img1.wsimg.com/ceph-p3-01/website-builder-data-prod/static/widgets/UX.3.50.8.js]
[img1.wsimg.com/blobby/go/5ce0d1a0-298f-429b-a71f-9008fcc70bea/gpub/a3dfb3560c687481/script.js]
[img1.wsimg.com/isteam/stock/pmeQ9Ww/_/rs=w_600,h_300,cg_true,m/cr=w_600,h_300.jpg]
[img1.wsimg.com/tcc/tcc_l.combined.1.0.6.min.js]
[img1.wsimg.com/blobby/go/5ce0d1a0-298f-429b-a71f-9008fcc70bea/gpub/a1b90c0dba3e0131/script.js]
[img1.wsimg.com/blobby/go/5ce0d1a0-298f-429b-a71f-9008fcc70bea/gpub/2b6c5201d135c693/script.js]
[img1.wsimg.com/blobby/go/5ce0d1a0-298f-429b-a71f-9008fcc70bea/gpub/6618a99ee3e96a08/styles.css]
[img1.wsimg.com/blobby/go/5ce0d1a0-298f-429b-a71f-9008fcc70bea/gpub/edcac03d5a249e1e/script.js]
[img1.wsimg.com/blobby/go/5ce0d1a0-298f-429b-a71f-9008fcc70bea/gpub/bce2aa3bc95ae8e6/styles.css]
[img1.wsimg.com/blobby/go/5ce0d1a0-298f-429b-a71f-9008fcc70bea/gpub/807a2d5e4f308ef5/script.js]
[img1.wsimg.com/blobby/go/5ce0d1a0-298f-429b-a71f-9008fcc70bea/gpub/f82c5dafdec6bd88/styles.css]
[img1.wsimg.com/blobby/go/5ce0d1a0-298f-429b-a71f-9008fcc70bea/gpub/886acd4f82e663/script.js]
[img1.wsimg.com/blobby/go/5ce0d1a0-298f-429b-a71f-9008fcc70bea/gpub/c78dea403bd03bfb/styles.css]
[img1.wsimg.com/blobby/go/gpub/85366ec326c7965c/script.js]
[img1.wsimg.com/blobby/go/5ce0d1a0-298f-429b-a71f-9008fcc70bea/gpub/4661bf1e56dc9b5f/script.js]
[img1.wsimg.com/blobby/go/5ce0d1a0-298f-429b-a71f-9008fcc70bea/gpub/3d5fdb68a5f95e09/styles.css]
[img1.wsimg.com/blobby/go/5ce0d1a0-298f-429b-a71f-9008fcc70bea/gpub/e9ce958ed0f8aaf6/styles.css]
